\BOOKMARK [-1][-]{part.1}{\376\377\000P\000a\000r\000t\000\040\000I\000\040\000\050\000T\000h\000e\000\040\000E\000l\000e\000m\000e\000n\000t\000s\000\040\000o\000f\000\040\000I\000n\000t\000e\000g\000r\000a\000t\000i\000o\000n\000\051}{}% 1
\BOOKMARK [0][-]{chapter.1}{\376\377\000I\000n\000t\000r\000o\000d\000u\000c\000t\000i\000o\000n}{part.1}% 2
\BOOKMARK [1][-]{section.1.1}{\376\377\000m\000a\000k\000h\000e\000n\000b\000a\000k\000h\000e\000n}{chapter.1}% 3
\BOOKMARK [1][-]{section.1.2}{\376\377\000S\000e\000c\000t\000i\000o\000n\000\040\000H\000e\000a\000d\000i\000n\000g}{chapter.1}% 4
\BOOKMARK [1][-]{section.1.3}{\376\377\000S\000e\000c\000t\000i\000o\000n\000\040\000H\000e\000a\000d\000i\000n\000g}{chapter.1}% 5
\BOOKMARK [2][-]{subsection.1.3.1}{\376\377\000S\000u\000b\000s\000e\000c\000t\000i\000o\000n\000\040\000H\000e\000a\000d\000i\000n\000g}{section.1.3}% 6
\BOOKMARK [1][-]{section.1.4}{\376\377\000S\000e\000c\000t\000i\000o\000n\000\040\000H\000e\000a\000d\000i\000n\000g}{chapter.1}% 7
\BOOKMARK [2][-]{subsection.1.4.1}{\376\377\000S\000u\000b\000s\000e\000c\000t\000i\000o\000n\000\040\000H\000e\000a\000d\000i\000n\000g}{section.1.4}% 8
\BOOKMARK [1][-]{section*.9}{\376\377\000A\000p\000p\000e\000n\000d\000i\000x}{chapter.1}% 9
\BOOKMARK [1][-]{section*.10}{\376\377\000P\000r\000o\000b\000l\000e\000m\000s}{chapter.1}% 10
\BOOKMARK [1][-]{section*.11}{\376\377\000R\000e\000f\000e\000r\000e\000n\000c\000e\000s}{chapter.1}% 11
\BOOKMARK [-1][-]{part.2}{\376\377\000P\000a\000r\000t\000\040\000I\000I\000\040\000\050\000T\000h\000e\000\040\000E\000l\000e\000m\000e\000n\000t\000s\000\040\000o\000f\000\040\000L\000e\000b\000e\000s\000g\000u\000e\000\040\000M\000e\000a\000s\000u\000r\000e\000\051}{}% 12
\BOOKMARK [0][-]{appendix.A}{\376\377\000C\000h\000a\000p\000t\000e\000r\000\040\000H\000e\000a\000d\000i\000n\000g}{part.2}% 13
\BOOKMARK [1][-]{section.A.1}{\376\377\000S\000e\000c\000t\000i\000o\000n\000\040\000H\000e\000a\000d\000i\000n\000g}{appendix.A}% 14
\BOOKMARK [2][-]{subsection.A.1.1}{\376\377\000S\000u\000b\000s\000e\000c\000t\000i\000o\000n\000\040\000H\000e\000a\000d\000i\000n\000g}{section.A.1}% 15
\BOOKMARK [0][-]{appendix*.12}{\376\377\000A\000c\000r\000o\000n\000y\000m\000s\000\040\000a\000n\000d\000\040\000A\000b\000b\000r\000e\000v\000i\000a\000t\000i\000o\000n\000s}{part.2}% 16
\BOOKMARK [0][-]{appendix*.13}{\376\377\000G\000l\000o\000s\000s\000a\000r\000y}{part.2}% 17
\BOOKMARK [1][-]{section*.19}{\376\377\000R\000e\000f\000e\000r\000e\000n\000c\000e\000s}{appendix*.13}% 18
\BOOKMARK [0][-]{appendix*.20}{\376\377\000S\000o\000l\000u\000t\000i\000o\000n\000s}{part.2}% 19
\BOOKMARK [0][-]{appendix*.22}{\376\377\000I\000n\000d\000e\000x}{part.2}% 20
